<?xml version="1.0" encoding="UTF-8"?>
<!-- Generated by org.testng.reporters.JUnitReportReporter -->
<testsuite hostname="KQ-LP-065" failures="0" tests="1" name="Module1.Login" time="3.828" errors="0" timestamp="2023-11-21T14:12:04 IST" skipped="0">
  <testcase classname="Module1.Login" name="login" time="3.828"/>
  <system-out/>
</testsuite> <!-- Module1.Login -->
