<?xml version="1.0" encoding="UTF-8"?>
<!-- Generated by org.testng.reporters.JUnitReportReporter -->
<testsuite hostname="KQ-LP-065" failures="0" tests="1" name="Module1.Login" time="4.002" errors="0" timestamp="2023-11-08T17:06:22 IST" skipped="0">
  <testcase classname="Module1.Login" name="login" time="4.002"/>
  <system-out/>
</testsuite> <!-- Module1.Login -->
